<?xml version="1.0" encoding="UTF-8"?>
<testng-results ignored="0" total="2" passed="2" failed="0" skipped="0">
  <reporter-output>
    <line>
      <![CDATA[customer created]]>
    </line>
    <line>
      <![CDATA[Task Created]]>
    </line>
  </reporter-output>
  <suite started-at="2023-10-02T22:42:19 IST" name="Suite" finished-at="2023-10-02T22:42:20 IST" duration-ms="91">
    <groups>
    </groups>
    <test started-at="2023-10-02T22:42:19 IST" name="Test" finished-at="2023-10-02T22:42:20 IST" duration-ms="91">
      <class name="com.actitime.testscript.CustomerModule">
        <test-method signature="CreateCustomer()[pri:0, instance:com.actitime.testscript.CustomerModule@689604d9]" started-at="2023-10-02T22:42:20 IST" name="CreateCustomer" finished-at="2023-10-02T22:42:20 IST" duration-ms="18" status="PASS">
          <reporter-output>
            <line>
              <![CDATA[customer created]]>
            </line>
          </reporter-output>
        </test-method> <!-- CreateCustomer -->
      </class> <!-- com.actitime.testscript.CustomerModule -->
      <class name="com.actitime.testscript.TaskModule">
        <test-method signature="CreateTask()[pri:0, instance:com.actitime.testscript.TaskModule@31304f14]" started-at="2023-10-02T22:42:20 IST" name="CreateTask" finished-at="2023-10-02T22:42:20 IST" duration-ms="2" status="PASS">
          <reporter-output>
            <line>
              <![CDATA[Task Created]]>
            </line>
          </reporter-output>
        </test-method> <!-- CreateTask -->
      </class> <!-- com.actitime.testscript.TaskModule -->
    </test> <!-- Test -->
  </suite> <!-- Suite -->
</testng-results>
